[ 2017-04-19T09:01:44+08:00 ] 20.14.3.182 /vote/manage/Public/js/skin/WdatePicker.css
INFO: [ app_init ] --START--
INFO: Run Behavior\BuildLiteBehavior [ RunTime:0.000000s ]
INFO: [ app_init ] --END-- [ RunTime:0.000000s ]
ERR: 无法加载模块:Public

[ 2017-04-19T09:02:47+08:00 ] 20.14.3.182 /vote/manage/Application/Home/View/vote/js/excellentYouth.js
INFO: [ app_init ] --START--
INFO: Run Behavior\BuildLiteBehavior [ RunTime:0.000000s ]
INFO: [ app_init ] --END-- [ RunTime:0.000000s ]
ERR: 无法加载模块:Application

[ 2017-04-19T09:02:58+08:00 ] 20.14.3.182 /vote/manage/Application/Home/View/vote/js/excellentYouth.js
INFO: [ app_init ] --START--
INFO: Run Behavior\BuildLiteBehavior [ RunTime:0.000000s ]
INFO: [ app_init ] --END-- [ RunTime:0.001000s ]
ERR: 无法加载模块:Application

[ 2017-04-19T09:03:00+08:00 ] 20.14.3.182 /vote/manage/Application/Home/View/vote/js/excellentYouth.js
INFO: [ app_init ] --START--
INFO: Run Behavior\BuildLiteBehavior [ RunTime:0.000000s ]
INFO: [ app_init ] --END-- [ RunTime:0.001000s ]
ERR: 无法加载模块:Application

[ 2017-04-19T09:03:02+08:00 ] 20.14.3.182 /vote/manage/Application/Home/View/vote/js/excellentYouth.js
INFO: [ app_init ] --START--
INFO: Run Behavior\BuildLiteBehavior [ RunTime:0.000000s ]
INFO: [ app_init ] --END-- [ RunTime:0.000000s ]
ERR: 无法加载模块:Application

[ 2017-04-19T09:41:49+08:00 ] 20.14.3.182 /vote/manage/Application/Home/View/vote/js/excellentYouth.js
INFO: [ app_init ] --START--
INFO: Run Behavior\BuildLiteBehavior [ RunTime:0.000000s ]
INFO: [ app_init ] --END-- [ RunTime:0.000000s ]
ERR: 无法加载模块:Application

[ 2017-04-19T09:41:53+08:00 ] 20.14.3.182 /vote/manage/Application/Home/View/vote/js/excellentYouth.js
INFO: [ app_init ] --START--
INFO: Run Behavior\BuildLiteBehavior [ RunTime:0.000000s ]
INFO: [ app_init ] --END-- [ RunTime:0.000000s ]
ERR: 无法加载模块:Application

[ 2017-04-19T10:29:22+08:00 ] 20.14.3.203 /vote/manage/Application/Home/View/vote/css/datePicker.gif
INFO: [ app_init ] --START--
INFO: Run Behavior\BuildLiteBehavior [ RunTime:0.000000s ]
INFO: [ app_init ] --END-- [ RunTime:0.001000s ]
ERR: 无法加载模块:Application

[ 2017-04-19T10:29:33+08:00 ] 20.14.3.203 /vote/manage/Application/Home/View/vote/css/datePicker.gif
INFO: [ app_init ] --START--
INFO: Run Behavior\BuildLiteBehavior [ RunTime:0.000000s ]
INFO: [ app_init ] --END-- [ RunTime:0.001000s ]
ERR: 无法加载模块:Application

[ 2017-04-19T10:30:30+08:00 ] 20.14.3.203 /vote/manage/Application/Home/View/vote/css/datePicker.gif
INFO: [ app_init ] --START--
INFO: Run Behavior\BuildLiteBehavior [ RunTime:0.000000s ]
INFO: [ app_init ] --END-- [ RunTime:0.001000s ]
ERR: 无法加载模块:Application

[ 2017-04-19T10:40:15+08:00 ] 20.14.3.203 /vote/manage/Application/Home/View/vote/js/skin/WdatePicker.css
INFO: [ app_init ] --START--
INFO: Run Behavior\BuildLiteBehavior [ RunTime:0.000000s ]
INFO: [ app_init ] --END-- [ RunTime:0.001000s ]
ERR: 无法加载模块:Application

[ 2017-04-19T10:40:15+08:00 ] 20.14.3.203 /vote/manage/Application/Home/View/vote/css/datePicker.gif
INFO: [ app_init ] --START--
INFO: Run Behavior\BuildLiteBehavior [ RunTime:0.000000s ]
INFO: [ app_init ] --END-- [ RunTime:0.000000s ]
ERR: 无法加载模块:Application

[ 2017-04-19T10:40:18+08:00 ] 20.14.3.203 /vote/manage/Application/Home/View/vote/js/lang/zh-cn.js
INFO: [ app_init ] --START--
INFO: Run Behavior\BuildLiteBehavior [ RunTime:0.000000s ]
INFO: [ app_init ] --END-- [ RunTime:0.000000s ]
ERR: 无法加载模块:Application

[ 2017-04-19T10:40:18+08:00 ] 20.14.3.203 /vote/manage/Application/Home/View/vote/js/skin/default/datepicker.css
INFO: [ app_init ] --START--
INFO: Run Behavior\BuildLiteBehavior [ RunTime:0.000000s ]
INFO: [ app_init ] --END-- [ RunTime:0.000000s ]
ERR: 无法加载模块:Application

[ 2017-04-19T10:41:13+08:00 ] 20.14.3.203 /vote/manage/Application/Home/View/vote/js/skin/WdatePicker.css
INFO: [ app_init ] --START--
INFO: Run Behavior\BuildLiteBehavior [ RunTime:0.000000s ]
INFO: [ app_init ] --END-- [ RunTime:0.000000s ]
ERR: 无法加载模块:Application

[ 2017-04-19T10:41:14+08:00 ] 20.14.3.203 /vote/manage/Application/Home/View/vote/css/datePicker.gif
INFO: [ app_init ] --START--
INFO: Run Behavior\BuildLiteBehavior [ RunTime:0.000000s ]
INFO: [ app_init ] --END-- [ RunTime:0.001000s ]
ERR: 无法加载模块:Application

[ 2017-04-19T10:41:19+08:00 ] 20.14.3.203 /vote/manage/Application/Home/View/vote/js/lang/zh-cn.js
INFO: [ app_init ] --START--
INFO: Run Behavior\BuildLiteBehavior [ RunTime:0.000000s ]
INFO: [ app_init ] --END-- [ RunTime:0.000000s ]
ERR: 无法加载模块:Application

[ 2017-04-19T10:41:19+08:00 ] 20.14.3.203 /vote/manage/Application/Home/View/vote/js/skin/default/datepicker.css
INFO: [ app_init ] --START--
INFO: Run Behavior\BuildLiteBehavior [ RunTime:0.000000s ]
INFO: [ app_init ] --END-- [ RunTime:0.000000s ]
ERR: 无法加载模块:Application

[ 2017-04-19T10:42:03+08:00 ] 20.14.3.203 /vote/manage/Application/Home/View/vote/css/datePicker.gif
INFO: [ app_init ] --START--
INFO: Run Behavior\BuildLiteBehavior [ RunTime:0.000000s ]
INFO: [ app_init ] --END-- [ RunTime:0.000000s ]
ERR: 无法加载模块:Application

[ 2017-04-19T11:32:24+08:00 ] 20.14.3.182 /vote/manage/Application/Home/public/votegroup/shunanqikuangshida/votegroupimg/1492572742.png
INFO: [ app_init ] --START--
INFO: Run Behavior\BuildLiteBehavior [ RunTime:0.000000s ]
INFO: [ app_init ] --END-- [ RunTime:0.001000s ]
ERR: 无法加载模块:Application

[ 2017-04-19T11:33:12+08:00 ] 20.14.3.182 /vote/manage/Application/Home/public/votegroup/shunanqikuangshida/votegroupimg/1492572766.png
INFO: [ app_init ] --START--
INFO: Run Behavior\BuildLiteBehavior [ RunTime:0.000000s ]
INFO: [ app_init ] --END-- [ RunTime:0.001000s ]
ERR: 无法加载模块:Application

[ 2017-04-19T11:35:31+08:00 ] 20.14.3.182 /vote/manage/Application/Home/public/votegroup/shunanqikuangshida/votegroupimg/1492572894.png
INFO: [ app_init ] --START--
INFO: Run Behavior\BuildLiteBehavior [ RunTime:0.000000s ]
INFO: [ app_init ] --END-- [ RunTime:0.000000s ]
ERR: 无法加载模块:Application

[ 2017-04-19T12:08:33+08:00 ] 20.14.3.203 /vote/manage/Application/Home/View/vote/js/excellentYouth.js
INFO: [ app_init ] --START--
INFO: Run Behavior\BuildLiteBehavior [ RunTime:0.000000s ]
INFO: [ app_init ] --END-- [ RunTime:0.001000s ]
ERR: 无法加载模块:Application

[ 2017-04-19T13:12:58+08:00 ] 20.14.3.182 /vote/manage/Application/Home/View/vote/testUplocadImg.html
INFO: [ app_init ] --START--
INFO: Run Behavior\BuildLiteBehavior [ RunTime:0.000000s ]
INFO: [ app_init ] --END-- [ RunTime:0.001000s ]
ERR: 无法加载模块:Application

